{'ip': 'localhost', 'port': 6001}
WORKER INFO: Waiting connection from master node
WORKER INFO: Master ('127.0.0.1', 50239) connected
WORKER INFO: command INSERT ['B', 4]
WORKER INFO: INSERTED key=B, value=4
WORKER INFO: command INSERT ['SDSDAFSFASFA', -555]
WORKER INFO: INSERTED key=SDSDAFSFASFA, value=-555
WORKER INFO: command SELECT ['B']
WORKER INFO: command INSERT ['B', 8]
WORKER INFO: INSERTED key=B, value=8
WORKER INFO: command SELECT ['B']
WORKER INFO: command INSERT ['B', 12]
WORKER INFO: INSERTED key=B, value=12
WORKER INFO: command SELECT ['B']
WORKER INFO: command INSERT ['QWERTYUIOPASDFGHJKLZXCVBNM1234567890_$', -123456789]
WORKER INFO: INSERTED key=QWERTYUIOPASDFGHJKLZXCVBNM1234567890_$, value=-123456789
WORKER INFO: command SELECT ['QWERTYUIOPASDFGHJKLZXCVBNM1234567890_$']
WORKER INFO: command SELECT ['B']
WORKER INFO: command SELECT ['SDSDAFSFASFA']
WORKER INFO: command SELECT ['B']
WORKER INFO: command SELECT ['B']
WORKER INFO: Connection closed.
WORKER INFO: Num commands 13. Data contains 3
